<?xml version="1.0" encoding="UTF-8"?>
<!-- Generated by org.testng.reporters.JUnitReportReporter -->
<testsuite skipped="0" hostname="LAPTOP-KR2Q4MNQ" name="practice.PropertiesfileGoogle" tests="1" failures="0" timestamp="14 Feb 2018 16:59:13 GMT" time="11.237" errors="0">
  <testcase name="f" time="11.237" classname="practice.PropertiesfileGoogle"/>
</testsuite> <!-- practice.PropertiesfileGoogle -->
