<?xml version="1.0" encoding="UTF-8"?>
<!-- Generated by org.testng.reporters.JUnitReportReporter -->
<testsuite skipped="0" hostname="LAPTOP-KR2Q4MNQ" name="testngdemo.ParametersTest" tests="3" failures="0" timestamp="10 Feb 2018 16:19:02 GMT" time="7.478" errors="0">
  <testcase name="navigateUrl" time="2.120" classname="testngdemo.ParametersTest"/>
  <testcase name="signIn" time="1.038" classname="testngdemo.ParametersTest"/>
  <testcase name="logoutTest" time="4.320" classname="testngdemo.ParametersTest"/>
</testsuite> <!-- testngdemo.ParametersTest -->
