<?xml version="1.0" encoding="UTF-8"?>
<!-- Generated by org.testng.reporters.JUnitReportReporter -->
<testsuite skipped="0" hostname="LAPTOP-KR2Q4MNQ" name="testngdemo.Invocationdemo" tests="6" failures="0" timestamp="09 Feb 2018 07:36:48 GMT" time="25.328" errors="0">
  <testcase name="closeBrowser" time="0.001" classname="testngdemo.Invocationdemo"/>
  <testcase name="googleclick" time="7.860" classname="testngdemo.Invocationdemo"/>
  <testcase name="googleclick" time="7.750" classname="testngdemo.Invocationdemo"/>
  <testcase name="googleclick" time="8.669" classname="testngdemo.Invocationdemo"/>
  <testcase name="closeBrowser" time="0.002" classname="testngdemo.Invocationdemo"/>
  <testcase name="closeBrowser" time="1.046" classname="testngdemo.Invocationdemo"/>
</testsuite> <!-- testngdemo.Invocationdemo -->
