<?xml version="1.0" encoding="UTF-8"?>
<!-- Generated by org.testng.reporters.JUnitReportReporter -->
<testsuite skipped="0" hostname="LAPTOP-KR2Q4MNQ" name="testngdemo.ReadingDataFromPropFile" tests="3" failures="0" timestamp="10 Feb 2018 18:15:37 GMT" time="14.982" errors="0">
  <testcase name="navigateUrl" time="2.833" classname="testngdemo.ReadingDataFromPropFile"/>
  <testcase name="signIn" time="3.769" classname="testngdemo.ReadingDataFromPropFile"/>
  <testcase name="logoutTest" time="8.380" classname="testngdemo.ReadingDataFromPropFile"/>
</testsuite> <!-- testngdemo.ReadingDataFromPropFile -->
