<?xml version="1.0" encoding="UTF-8"?>
<!-- Generated by org.testng.reporters.JUnitReportReporter -->
<testsuite skipped="1" hostname="LAPTOP-KR2Q4MNQ" name="testngdemo.GroupTestDemo" tests="4" failures="0" timestamp="10 Feb 2018 12:58:19 GMT" time="11.441" errors="0">
  <testcase name="verifyHomePageTitle" time="6.406" classname="testngdemo.GroupTestDemo"/>
  <testcase name="verifySearchEditBox" time="4.323" classname="testngdemo.GroupTestDemo"/>
  <testcase name="closeBrowser" time="0.712" classname="testngdemo.GroupTestDemo"/>
  <testcase name="clickonSigninLink" classname="testngdemo.GroupTestDemo">
    <skipped/>
  </testcase> <!-- clickonSigninLink -->
</testsuite> <!-- testngdemo.GroupTestDemo -->
