<?xml version="1.0" encoding="UTF-8"?>
<!-- Generated by org.testng.reporters.JUnitReportReporter -->
<testsuite skipped="0" hostname="LAPTOP-KR2Q4MNQ" name="testngdemo.NewTest3" tests="3" failures="0" timestamp="13 Feb 2018 18:40:09 GMT" time="18.908" errors="0">
  <testcase name="rediff" time="6.317" classname="testngdemo.NewTest3"/>
  <testcase name="rediff" time="6.297" classname="testngdemo.NewTest3"/>
  <testcase name="rediff" time="6.294" classname="testngdemo.NewTest3"/>
</testsuite> <!-- testngdemo.NewTest3 -->
