<?xml version="1.0" encoding="UTF-8"?>
<!-- Generated by org.testng.reporters.JUnitReportReporter -->
<testsuite skipped="0" hostname="LAPTOP-KR2Q4MNQ" name="testngdemo.YahooSearchDataDriven" tests="3" failures="0" timestamp="08 Feb 2018 05:11:00 GMT" time="23.365" errors="0">
  <testcase name="yahooSearch" time="10.076" classname="testngdemo.YahooSearchDataDriven"/>
  <testcase name="yahooSearch" time="6.197" classname="testngdemo.YahooSearchDataDriven"/>
  <testcase name="yahooSearch" time="7.092" classname="testngdemo.YahooSearchDataDriven"/>
</testsuite> <!-- testngdemo.YahooSearchDataDriven -->
