<?xml version="1.0" encoding="UTF-8"?>
<!-- Generated by org.testng.reporters.JUnitReportReporter -->
<testsuite skipped="0" hostname="LAPTOP-KR2Q4MNQ" name="practice.linkrediffp" tests="1" failures="0" timestamp="14 Feb 2018 16:26:42 GMT" time="71.276" errors="0">
  <testcase name="fetchlink" time="71.276" classname="practice.linkrediffp"/>
</testsuite> <!-- practice.linkrediffp -->
