<?xml version="1.0" encoding="UTF-8"?>
<!-- Generated by org.testng.reporters.JUnitReportReporter -->
<testsuite skipped="0" hostname="LAPTOP-KR2Q4MNQ" name="testngdemo.DynamicGoogleSearchTest" tests="1" failures="0" timestamp="13 Feb 2018 19:13:03 GMT" time="5.279" errors="0">
  <testcase name="googleSearchTest" time="5.279" classname="testngdemo.DynamicGoogleSearchTest"/>
</testsuite> <!-- testngdemo.DynamicGoogleSearchTest -->
