<?xml version="1.0" encoding="UTF-8"?>
<!-- Generated by org.testng.reporters.JUnitReportReporter -->
<testsuite skipped="0" hostname="LAPTOP-KR2Q4MNQ" name="testngdemo.CheckboxCountTest" tests="1" failures="0" timestamp="13 Feb 2018 19:13:03 GMT" time="5.487" errors="0">
  <testcase name="checkboxCountTest" time="5.487" classname="testngdemo.CheckboxCountTest"/>
</testsuite> <!-- testngdemo.CheckboxCountTest -->
