<?xml version="1.0" encoding="UTF-8"?>
<!-- Generated by org.testng.reporters.JUnitReportReporter -->
<testsuite skipped="0" hostname="LAPTOP-KR2Q4MNQ" name="testngdemo.Linklist1" tests="1" failures="0" timestamp="14 Feb 2018 07:11:45 GMT" time="302.871" errors="0">
  <testcase name="f" time="302.871" classname="testngdemo.Linklist1"/>
</testsuite> <!-- testngdemo.Linklist1 -->
