<?xml version="1.0" encoding="UTF-8"?>
<!-- Generated by org.testng.reporters.JUnitReportReporter -->
<testsuite skipped="0" hostname="LAPTOP-KR2Q4MNQ" name="testngdemo.ExcelTest" tests="1" failures="0" timestamp="14 Feb 2018 21:10:18 GMT" time="13.299" errors="0">
  <testcase name="loginGmail" time="13.299" classname="testngdemo.ExcelTest"/>
</testsuite> <!-- testngdemo.ExcelTest -->
