<?xml version="1.0" encoding="UTF-8"?>
<!-- Generated by org.testng.reporters.JUnitReportReporter -->
<testsuite skipped="0" hostname="LAPTOP-KR2Q4MNQ" name="testngdemo.NewTest2" tests="3" failures="0" timestamp="13 Feb 2018 18:40:09 GMT" time="9.731" errors="0">
  <testcase name="linked" time="3.393" classname="testngdemo.NewTest2"/>
  <testcase name="linked" time="3.141" classname="testngdemo.NewTest2"/>
  <testcase name="linked" time="3.197" classname="testngdemo.NewTest2"/>
</testsuite> <!-- testngdemo.NewTest2 -->
