<?xml version="1.0" encoding="UTF-8"?>
<!-- Generated by org.testng.reporters.JUnitReportReporter -->
<testsuite skipped="0" hostname="LAPTOP-KR2Q4MNQ" name="testngdemo.NewTest1" tests="3" failures="0" timestamp="13 Feb 2018 18:40:09 GMT" time="4.256" errors="0">
  <testcase name="googleSearchTest" time="1.336" classname="testngdemo.NewTest1"/>
  <testcase name="googleSearchTest" time="1.414" classname="testngdemo.NewTest1"/>
  <testcase name="googleSearchTest" time="1.506" classname="testngdemo.NewTest1"/>
</testsuite> <!-- testngdemo.NewTest1 -->
