<?xml version="1.0" encoding="UTF-8"?>
<!-- Generated by org.testng.reporters.JUnitReportReporter -->
<testsuite skipped="0" hostname="LAPTOP-KR2Q4MNQ" name="testngdemo.Zkossradiobutton" tests="3" failures="0" timestamp="09 Feb 2018 07:06:07 GMT" time="12.903" errors="0">
  <testcase name="verifyButtonLink" time="4.243" classname="testngdemo.Zkossradiobutton"/>
  <testcase name="selectAllCheckbox" time="5.829" classname="testngdemo.Zkossradiobutton"/>
  <testcase name="clickRadioButton" time="2.831" classname="testngdemo.Zkossradiobutton"/>
</testsuite> <!-- testngdemo.Zkossradiobutton -->
